TN:
SF:src/app.module.ts
FNF:0
FNH:0
DA:1,1
DA:2,1
DA:3,1
DA:4,1
DA:5,1
DA:6,1
DA:12,1
LF:7
LH:7
BRF:0
BRH:0
end_of_record
TN:
SF:src/infrastructure/common/interceptors/response.interceptor.ts
FN:21,(anonymous_2)
FN:27,(anonymous_3)
FNF:2
FNH:0
FNDA:0,(anonymous_2)
FNDA:0,(anonymous_3)
DA:1,1
DA:2,1
DA:4,1
DA:6,1
DA:7,1
DA:9,1
DA:11,1
DA:13,1
DA:20,1
DA:22,0
DA:23,0
DA:24,0
DA:26,0
DA:27,0
LF:14
LH:9
BRF:0
BRH:0
end_of_record
TN:
SF:src/infrastructure/common/swagger/response.decorator.ts
FN:5,(anonymous_0)
FNF:1
FNH:1
FNDA:2,(anonymous_0)
DA:1,1
DA:2,1
DA:3,1
DA:5,1
DA:6,2
LF:5
LH:5
BRF:0
BRH:0
end_of_record
TN:
SF:src/infrastructure/config/environment-config/environment-config.module.ts
FNF:0
FNH:0
DA:1,1
DA:2,1
DA:3,1
DA:4,1
DA:18,1
LF:5
LH:5
BRDA:10,0,0,1
BRDA:10,0,1,0
BRDA:10,1,0,1
BRDA:10,1,1,1
BRF:4
BRH:3
end_of_record
TN:
SF:src/infrastructure/config/environment-config/environment-config.service.ts
FN:7,(anonymous_2)
FN:9,(anonymous_3)
FNF:2
FNH:2
FNDA:1,(anonymous_2)
FNDA:1,(anonymous_3)
DA:1,1
DA:2,1
DA:6,1
DA:7,1
DA:10,1
LF:5
LH:5
BRF:0
BRH:0
end_of_record
TN:
SF:src/infrastructure/config/environment-config/environment-config.validation.ts
FN:4,(anonymous_2)
FN:19,validate
FNF:2
FNH:2
FNDA:1,(anonymous_2)
FNDA:1,validate
DA:1,1
DA:2,1
DA:4,1
DA:5,1
DA:6,1
DA:7,1
DA:8,1
DA:12,1
DA:15,1
DA:19,1
DA:20,1
DA:22,1
DA:23,1
DA:24,0
DA:26,1
LF:15
LH:14
BRDA:4,0,0,1
BRDA:4,0,1,1
BRDA:23,1,0,0
BRF:3
BRH:2
end_of_record
TN:
SF:src/infrastructure/config/mongoose/mongoose.module.ts
FN:11,(anonymous_1)
FNF:1
FNH:1
FNDA:1,(anonymous_1)
DA:1,1
DA:2,1
DA:3,1
DA:4,1
DA:11,1
DA:19,1
LF:6
LH:6
BRF:0
BRH:0
end_of_record
TN:
SF:src/infrastructure/controllers/controllers.module.ts
FNF:0
FNH:0
DA:1,1
DA:2,1
DA:3,1
DA:9,1
LF:4
LH:4
BRF:0
BRH:0
end_of_record
TN:
SF:src/infrastructure/controllers/user/user.controller.ts
FN:19,(anonymous_4)
FN:32,(anonymous_5)
FN:39,(anonymous_6)
FN:45,(anonymous_7)
FN:51,(anonymous_8)
FNF:5
FNH:2
FNDA:1,(anonymous_4)
FNDA:1,(anonymous_5)
FNDA:0,(anonymous_6)
FNDA:0,(anonymous_7)
FNDA:0,(anonymous_8)
DA:1,1
DA:2,1
DA:3,1
DA:4,1
DA:5,1
DA:6,1
DA:11,1
DA:18,1
DA:21,1
DA:23,1
DA:25,1
DA:27,1
DA:32,1
DA:33,1
DA:34,1
DA:39,1
DA:40,0
DA:41,0
DA:45,1
DA:46,0
DA:47,0
DA:51,1
DA:52,0
LF:23
LH:18
BRF:0
BRH:0
end_of_record
TN:
SF:src/infrastructure/controllers/user/user.dto.ts
FNF:0
FNH:0
DA:1,1
DA:2,1
DA:5,1
DA:6,1
DA:11,1
DA:16,1
DA:21,1
DA:26,1
DA:31,1
DA:37,1
DA:38,1
DA:47,1
DA:56,1
DA:65,1
LF:14
LH:14
BRF:0
BRH:0
end_of_record
TN:
SF:src/infrastructure/controllers/user/user.presenter.ts
FN:23,(anonymous_2)
FNF:1
FNH:0
FNDA:0,(anonymous_2)
DA:1,1
DA:4,1
DA:5,1
DA:8,1
DA:11,1
DA:14,1
DA:17,1
DA:20,1
DA:24,0
DA:25,0
DA:26,0
DA:27,0
DA:28,0
DA:29,0
LF:14
LH:8
BRF:0
BRH:0
end_of_record
TN:
SF:src/infrastructure/email/email.module.ts
FN:10,(anonymous_1)
FN:15,(anonymous_2)
FNF:2
FNH:2
FNDA:1,(anonymous_1)
FNDA:1,(anonymous_2)
DA:1,1
DA:2,1
DA:3,1
DA:4,1
DA:10,1
DA:15,1
DA:20,1
LF:7
LH:7
BRF:0
BRH:0
end_of_record
TN:
SF:src/infrastructure/email/email.observer.ts
FN:10,(anonymous_2)
FN:14,(anonymous_3)
FNF:2
FNH:1
FNDA:2,(anonymous_2)
FNDA:0,(anonymous_3)
DA:1,1
DA:4,1
DA:7,1
DA:11,2
DA:15,0
DA:21,0
LF:6
LH:4
BRF:0
BRH:0
end_of_record
TN:
SF:src/infrastructure/email/email.service.ts
FN:6,(anonymous_2)
FN:8,(anonymous_3)
FNF:2
FNH:1
FNDA:1,(anonymous_2)
FNDA:0,(anonymous_3)
DA:1,1
DA:5,1
DA:9,0
LF:3
LH:2
BRF:0
BRH:0
end_of_record
TN:
SF:src/infrastructure/exceptions/exceptions.module.ts
FNF:0
FNH:0
DA:1,1
DA:2,1
DA:8,1
LF:3
LH:3
BRF:0
BRH:0
end_of_record
TN:
SF:src/infrastructure/exceptions/exceptions.service.ts
FN:12,(anonymous_1)
FN:15,(anonymous_2)
FN:18,(anonymous_3)
FN:21,(anonymous_4)
FNF:4
FNH:0
FNDA:0,(anonymous_1)
FNDA:0,(anonymous_2)
FNDA:0,(anonymous_3)
FNDA:0,(anonymous_4)
DA:1,1
DA:11,1
DA:13,0
DA:16,0
DA:19,0
DA:22,0
LF:6
LH:2
BRF:0
BRH:0
end_of_record
TN:
SF:src/infrastructure/logger/logger.module.ts
FNF:0
FNH:0
DA:1,1
DA:2,1
DA:8,1
LF:3
LH:3
BRF:0
BRH:0
end_of_record
TN:
SF:src/infrastructure/logger/logger.service.ts
FN:6,(anonymous_1)
FN:11,(anonymous_2)
FN:14,(anonymous_3)
FN:17,(anonymous_4)
FN:20,(anonymous_5)
FNF:5
FNH:1
FNDA:0,(anonymous_1)
FNDA:1,(anonymous_2)
FNDA:0,(anonymous_3)
FNDA:0,(anonymous_4)
FNDA:0,(anonymous_5)
DA:1,1
DA:5,1
DA:7,0
DA:8,0
DA:12,1
DA:15,0
DA:18,0
DA:21,0
DA:22,0
LF:9
LH:3
BRDA:7,0,0,0
BRDA:21,1,0,0
BRF:2
BRH:0
end_of_record
TN:
SF:src/infrastructure/queue/rabbitmq.module.ts
FN:12,(anonymous_2)
FN:14,(anonymous_3)
FNF:2
FNH:2
FNDA:1,(anonymous_2)
FNDA:1,(anonymous_3)
DA:1,1
DA:2,1
DA:3,1
DA:4,1
DA:11,1
DA:12,1
DA:15,1
DA:16,1
LF:8
LH:8
BRF:0
BRH:0
end_of_record
TN:
SF:src/infrastructure/queue/rabbitmq.service.ts
FN:13,(anonymous_2)
FN:21,(anonymous_3)
FN:30,(anonymous_4)
FN:39,(anonymous_5)
FN:46,(anonymous_6)
FN:50,(anonymous_7)
FN:57,(anonymous_8)
FN:58,(anonymous_9)
FN:61,(anonymous_10)
FN:65,(anonymous_11)
FN:67,(anonymous_12)
FNF:11
FNH:5
FNDA:3,(anonymous_2)
FNDA:3,(anonymous_3)
FNDA:0,(anonymous_4)
FNDA:0,(anonymous_5)
FNDA:2,(anonymous_6)
FNDA:0,(anonymous_7)
FNDA:0,(anonymous_8)
FNDA:0,(anonymous_9)
FNDA:1,(anonymous_10)
FNDA:1,(anonymous_11)
FNDA:0,(anonymous_12)
DA:1,1
DA:2,1
DA:6,1
DA:14,3
DA:15,3
DA:16,3
DA:18,3
DA:22,3
DA:23,3
DA:25,3
DA:27,3
DA:28,1
DA:30,0
DA:31,0
DA:32,0
DA:33,0
DA:34,0
DA:40,0
DA:41,0
DA:43,0
DA:47,2
DA:51,0
DA:52,0
DA:53,0
DA:58,0
DA:62,1
DA:66,1
DA:68,0
DA:71,1
LF:29
LH:16
BRDA:31,0,0,0
BRDA:40,1,0,0
BRDA:52,2,0,0
BRF:3
BRH:0
end_of_record
TN:
SF:src/infrastructure/repositories/avatar.repository.ts
FN:11,(anonymous_2)
FN:12,(anonymous_3)
FN:41,(anonymous_4)
FNF:3
FNH:1
FNDA:1,(anonymous_2)
FNDA:0,(anonymous_3)
FNDA:0,(anonymous_4)
DA:1,1
DA:5,1
DA:6,1
DA:7,1
DA:10,1
DA:13,0
DA:14,0
DA:16,0
DA:18,0
DA:19,0
DA:20,0
DA:21,0
DA:24,0
DA:28,0
DA:30,0
DA:31,0
DA:32,0
DA:33,0
DA:38,0
DA:42,0
DA:43,0
DA:44,0
DA:45,0
DA:46,0
DA:49,0
LF:25
LH:5
BRDA:18,0,0,0
BRDA:45,1,0,0
BRF:2
BRH:0
end_of_record
TN:
SF:src/infrastructure/repositories/repositories.module.ts
FNF:0
FNH:0
DA:1,1
DA:2,1
DA:3,1
DA:4,1
DA:5,1
DA:6,1
DA:13,1
LF:7
LH:7
BRF:0
BRH:0
end_of_record
TN:
SF:src/infrastructure/repositories/user.repository.ts
FN:9,(anonymous_4)
FN:11,(anonymous_5)
FN:15,(anonymous_6)
FN:24,(anonymous_7)
FNF:4
FNH:2
FNDA:1,(anonymous_4)
FNDA:0,(anonymous_5)
FNDA:1,(anonymous_6)
FNDA:0,(anonymous_7)
DA:1,1
DA:2,1
DA:3,1
DA:5,1
DA:8,1
DA:9,1
DA:12,0
DA:16,1
DA:17,1
DA:18,1
DA:20,0
DA:25,0
DA:26,0
DA:27,0
DA:28,0
DA:30,0
DA:31,0
DA:33,0
DA:35,0
LF:19
LH:9
BRDA:27,0,0,0
BRDA:27,1,0,0
BRDA:27,1,1,0
BRF:3
BRH:0
end_of_record
TN:
SF:src/infrastructure/schemas/user.schema.ts
FNF:0
FNH:0
DA:1,1
DA:6,1
DA:7,1
DA:10,1
DA:13,1
DA:16,1
DA:19,1
DA:22,1
DA:25,1
LF:9
LH:9
BRF:0
BRH:0
end_of_record
TN:
SF:src/infrastructure/usecases-proxy/usecases-proxy.module.ts
FN:30,(anonymous_1)
FN:38,(anonymous_2)
FN:44,(anonymous_3)
FN:50,(anonymous_4)
FN:56,(anonymous_5)
FNF:5
FNH:5
FNDA:2,(anonymous_1)
FNDA:1,(anonymous_2)
FNDA:1,(anonymous_3)
FNDA:1,(anonymous_4)
FNDA:1,(anonymous_5)
DA:1,1
DA:3,1
DA:4,1
DA:5,1
DA:7,1
DA:9,1
DA:10,1
DA:12,1
DA:13,1
DA:14,1
DA:15,1
DA:16,1
DA:17,1
DA:18,1
DA:19,1
DA:24,1
DA:25,1
DA:26,1
DA:27,1
DA:28,1
DA:31,2
DA:39,1
DA:45,1
DA:51,1
DA:57,1
LF:25
LH:25
BRF:0
BRH:0
end_of_record
TN:
SF:src/infrastructure/usecases-proxy/usecases-proxy.ts
FN:2,(anonymous_0)
FN:3,(anonymous_1)
FNF:2
FNH:2
FNDA:4,(anonymous_0)
FNDA:1,(anonymous_1)
DA:1,1
DA:2,4
DA:4,1
LF:3
LH:3
BRF:0
BRH:0
end_of_record
TN:
SF:src/usecases/user/createUser.usecases.ts
FN:11,(anonymous_4)
FN:17,(anonymous_5)
FN:29,(anonymous_6)
FNF:3
FNH:2
FNDA:1,(anonymous_4)
FNDA:1,(anonymous_5)
FNDA:0,(anonymous_6)
DA:1,1
DA:3,1
DA:5,1
DA:10,1
DA:12,1
DA:13,1
DA:14,1
DA:18,1
DA:19,1
DA:20,1
DA:21,1
DA:22,1
DA:24,0
DA:25,0
DA:30,0
LF:15
LH:12
BRF:0
BRH:0
end_of_record
TN:
SF:src/usecases/user/deleteAvatar.usecases.ts
FN:6,(anonymous_0)
FN:11,(anonymous_1)
FNF:2
FNH:1
FNDA:1,(anonymous_0)
FNDA:0,(anonymous_1)
DA:5,1
DA:7,1
DA:8,1
DA:9,1
DA:12,0
DA:13,0
DA:14,0
DA:17,0
DA:19,0
DA:21,0
LF:10
LH:4
BRDA:13,0,0,0
BRDA:13,1,0,0
BRDA:13,1,1,0
BRF:3
BRH:0
end_of_record
TN:
SF:src/usecases/user/getAvatar.usecases.ts
FN:7,(anonymous_0)
FN:13,(anonymous_1)
FNF:2
FNH:1
FNDA:1,(anonymous_0)
FNDA:0,(anonymous_1)
DA:6,1
DA:8,1
DA:9,1
DA:10,1
DA:14,0
DA:15,0
DA:17,0
DA:19,0
DA:21,0
DA:22,0
LF:10
LH:4
BRF:0
BRH:0
end_of_record
TN:
SF:src/usecases/user/getUser.usecases.ts
FN:6,(anonymous_0)
FN:8,(anonymous_1)
FNF:2
FNH:1
FNDA:1,(anonymous_0)
FNDA:0,(anonymous_1)
DA:5,1
DA:6,1
DA:9,0
DA:10,0
DA:11,0
DA:12,0
DA:13,0
DA:15,0
DA:16,0
LF:9
LH:2
BRF:0
BRH:0
end_of_record
